<?xml version="1.0" encoding="UTF-8"?>
<!-- Generated by org.testng.reporters.JUnitXMLReporter -->
<testsuite ignored="0" hostname="CGSCLX079843252" failures="1" tests="2" name="XRD" time="12.694" errors="0" timestamp="2025-06-16T23:36:11 IST">
  <testcase classname="com.Flipkart.testCases.BaseClass" name="@AfterMethod teardown1" time="0.003">
    <failure type="java.lang.NullPointerException" message="Cannot invoke &amp;quot;com.aventstack.extentreports.ExtentTest.log(com.aventstack.extentreports.Status, String)&amp;quot; because &amp;quot;com.Flipkart.testCases.BaseClass.logger&amp;quot; is null">
      <![CDATA[java.lang.NullPointerException: Cannot invoke "com.aventstack.extentreports.ExtentTest.log(com.aventstack.extentreports.Status, String)" because "com.Flipkart.testCases.BaseClass.logger" is null
at com.Flipkart.testCases.BaseClass.teardown1(BaseClass.java:161)
at java.base/java.util.ArrayList.forEach(ArrayList.java:1597)
... Removed 30 stack frames]]>
    </failure>
  </testcase> <!-- @AfterMethod teardown1 -->
  <testcase classname="com.Flipkart.testCases.BaseClass" name="@AfterMethod teardown1" time="0.0">
    <skipped/>
  </testcase> <!-- @AfterMethod teardown1 -->
  <testcase classname="com.Flipkart.testCases.BaseClass" name="@AfterClass teardown" time="0.0">
    <skipped/>
  </testcase> <!-- @AfterClass teardown -->
  <testcase classname="com.Flipkart.testCases.TC_LoginTest_001" name="Valid_Logintest" time="0.02">
    <failure type="java.lang.IllegalArgumentException" message="Driver must be set">
      <![CDATA[java.lang.IllegalArgumentException: Driver must be set
at org.openqa.selenium.internal.Require.nonNull(Require.java:63)
at org.openqa.selenium.interactions.Actions.<init>(Actions.java:67)
at org.openqa.selenium.interactions.Actions.<init>(Actions.java:63)
at com.Flipkart.pageObjects.LoginPage.MouseHoverOnFashionSection(LoginPage.java:70)
at com.Flipkart.testCases.TC_LoginTest_001.Valid_Logintest(TC_LoginTest_001.java:22)
at java.base/java.util.ArrayList.forEach(ArrayList.java:1597)
... Removed 25 stack frames]]>
    </failure>
  </testcase> <!-- Valid_Logintest -->
  <testcase classname="com.Flipkart.testCases.TC_LoginTest_001" name="inValid_Logintest" time="0.0">
    <skipped/>
  </testcase> <!-- inValid_Logintest -->
</testsuite> <!-- XRD -->
