<?xml version="1.0" encoding="UTF-8"?>
<!-- Generated by org.testng.reporters.JUnitXMLReporter -->
<testsuite ignored="0" hostname="CGSCLX079843252" failures="0" tests="2" name="Default test" time="0.06" errors="0" timestamp="2025-06-16T23:09:47 IST">
  <testcase classname="com.Flipkart.testCases.BaseClass" name="@BeforeClass setup" time="-1.750095587748E9">
    <failure type="org.testng.TestNGException" message="
Parameter &amp;apos;browser&amp;apos; is required by BeforeClass on method setup but has not been marked @Optional or defined
in C:\Users\KUMARMP\AppData\Local\Temp\testng-eclipse-1249994710\testng-customsuite.xml">
      <![CDATA[org.testng.TestNGException: 
Parameter 'browser' is required by BeforeClass on method setup but has not been marked @Optional or defined
in C:\Users\KUMARMP\AppData\Local\Temp\testng-eclipse-1249994710\testng-customsuite.xml
at org.testng.internal.Parameters.createParams(Parameters.java:267)
at org.testng.internal.Parameters.createParametersForMethod(Parameters.java:355)
at org.testng.internal.Parameters.createParameters(Parameters.java:684)
at org.testng.internal.Parameters.createConfigurationParameters(Parameters.java:166)
at org.testng.internal.invokers.ConfigInvoker.invokeConfigurations(ConfigInvoker.java:277)
at org.testng.internal.invokers.TestMethodWorker.invokeBeforeClassMethods(TestMethodWorker.java:180)
at org.testng.internal.invokers.TestMethodWorker.run(TestMethodWorker.java:122)
at java.base/java.util.ArrayList.forEach(ArrayList.java:1597)
at org.testng.TestRunner.privateRun(TestRunner.java:829)
at org.testng.TestRunner.run(TestRunner.java:602)
at org.testng.SuiteRunner.runTest(SuiteRunner.java:437)
at org.testng.SuiteRunner.runSequentially(SuiteRunner.java:431)
at org.testng.SuiteRunner.privateRun(SuiteRunner.java:391)
at org.testng.SuiteRunner.run(SuiteRunner.java:330)
at org.testng.SuiteRunnerWorker.runSuite(SuiteRunnerWorker.java:52)
at org.testng.SuiteRunnerWorker.run(SuiteRunnerWorker.java:95)
at org.testng.TestNG.runSuitesSequentially(TestNG.java:1256)
at org.testng.TestNG.runSuitesLocally(TestNG.java:1176)
at org.testng.TestNG.runSuites(TestNG.java:1099)
at org.testng.TestNG.run(TestNG.java:1067)
at org.testng.remote.AbstractRemoteTestNG.run(AbstractRemoteTestNG.java:115)
at org.testng.remote.RemoteTestNG.initAndRun(RemoteTestNG.java:293)
at org.testng.remote.RemoteTestNG.main(RemoteTestNG.java:91)
]]>
    </failure>
  </testcase> <!-- @BeforeClass setup -->
  <testcase classname="com.Flipkart.testCases.BaseClass" name="@AfterMethod teardown1" time="0.0">
    <skipped/>
  </testcase> <!-- @AfterMethod teardown1 -->
  <testcase classname="com.Flipkart.testCases.BaseClass" name="@AfterMethod teardown1" time="0.0">
    <skipped/>
  </testcase> <!-- @AfterMethod teardown1 -->
  <testcase classname="com.Flipkart.testCases.BaseClass" name="@AfterClass teardown" time="0.0">
    <skipped/>
  </testcase> <!-- @AfterClass teardown -->
  <testcase classname="com.Flipkart.testCases.TC_LoginTest_001" name="Valid_Logintest" time="0.0">
    <skipped/>
  </testcase> <!-- Valid_Logintest -->
  <testcase classname="com.Flipkart.testCases.TC_LoginTest_001" name="inValid_Logintest" time="0.001">
    <skipped/>
  </testcase> <!-- inValid_Logintest -->
</testsuite> <!-- Default test -->
